<?xml version="1.0" encoding="UTF-8"?>
<testsuite name="com.jcrogel.FaceFinderTest" tests="1" skipped="0" failures="0" errors="0" timestamp="2021-04-25T18:29:30" hostname="DESKTOP-NBFUBIB" time="0.003">
  <properties/>
  <testcase name="testStuff" classname="com.jcrogel.FaceFinderTest" time="0.003"/>
  <system-out><![CDATA[Tested
]]></system-out>
  <system-err><![CDATA[]]></system-err>
</testsuite>
